<?xml version="1.0" encoding="UTF-8"?>
<!-- Generated by org.testng.reporters.JUnitXMLReporter -->
<testsuite ignored="0" hostname="OSWEUCXD1327" failures="0" tests="5" name="Test" time="40.179" errors="0" timestamp="2024-11-28T14:15:52 IST">
  <testcase classname="HCLTech.tests.ErrorValidations" name="loginErrorValidations" time="1.17"/>
  <testcase classname="HCLTech.tests.ErrorValidations" name="productErrorValidations" time="4.563"/>
  <testcase classname="HCLTech.tests.StandAloneTest" name="submitOrder" time="4.401"/>
  <testcase classname="HCLTech.tests.StandAloneTest" name="submitOrder" time="4.29"/>
  <testcase classname="HCLTech.tests.StandAloneTest" name="orderHistory" time="0.886"/>
</testsuite> <!-- Test -->
