<?xml version="1.0" encoding="UTF-8"?>
<!-- Generated by org.testng.reporters.JUnitXMLReporter -->
<testsuite ignored="1" hostname="OSWEUCXD1327" failures="0" tests="1" name="ErrorValidations Test" time="10.166" errors="0" timestamp="2024-12-02T20:54:58 IST">
  <testcase classname="HCLTech.tests.ErrorValidations" name="loginErrorValidations" time="1.262"/>
  <testcase classname="HCLTech.tests.ErrorValidations" name="productErrorValidations" time="0.0">
    <ignored/>
  </testcase> <!-- productErrorValidations -->
</testsuite> <!-- ErrorValidations Test -->
