<?xml version="1.0" encoding="UTF-8"?>
<!-- Generated by org.testng.reporters.JUnitXMLReporter -->
<testsuite ignored="2" hostname="OSWEUCXD1327" failures="0" tests="0" time="0.014" errors="0" timestamp="2024-12-02T20:54:48 IST">
  <testcase classname="HCLTech.tests.StandAloneTest" name="orderHistory" time="0.0">
    <ignored/>
  </testcase> <!-- orderHistory -->
  <testcase classname="HCLTech.tests.StandAloneTest" name="submitOrder" time="0.0">
    <ignored/>
  </testcase> <!-- submitOrder -->
</testsuite>
